<?xml version="1.0" encoding="UTF-8"?>
<!-- Generated by org.testng.reporters.JUnitXMLReporter -->
<testsuite hostname="DESKTOP-C0JQ1NC" name="Test IMDB" tests="1" failures="1" timestamp="17 Aug 2019 12:15:49 GMT" time="18.93" errors="0">
  <testcase name="testIMDB" time="18.238" classname="com.LitsTest.MultiMediaContent">
    <failure type="java.lang.AssertionError" message="expected [true] but found [false]">
      <![CDATA[java.lang.AssertionError: expected [true] but found [false]
	at com.LitsTest.MultiMediaContent.testIMDB(MultiMediaContent.java:41)
... Removed 32 stack frames]]>
    </failure>
  </testcase> <!-- testIMDB -->
</testsuite> <!-- Test IMDB -->
