-------------------------------------------------------------------------------
Test set: TestSuite
-------------------------------------------------------------------------------
Tests run: 2, Failures: 1, Errors: 0, Skipped: 0, Time elapsed: 41.213 s <<< FAILURE! - in TestSuite
testIMDB(com.LitsTest.MultiMediaContent)  Time elapsed: 18.236 s  <<< FAILURE!
java.lang.AssertionError: expected [true] but found [false]
	at com.LitsTest.MultiMediaContent.testIMDB(MultiMediaContent.java:41)

